\BOOKMARK [0][-]{chapter.1}{\376\377\0001\000\040\000H\000i\000e\000r\000a\000r\000c\000h\000i\000c\000a\000l\000\040\000I\000n\000d\000e\000x}{}% 1
\BOOKMARK [1][-]{section.1.1}{\376\377\0001\000.\0001\000\040\000C\000l\000a\000s\000s\000\040\000H\000i\000e\000r\000a\000r\000c\000h\000y}{chapter.1}% 2
\BOOKMARK [0][-]{chapter.2}{\376\377\0002\000\040\000C\000l\000a\000s\000s\000\040\000I\000n\000d\000e\000x}{}% 3
\BOOKMARK [1][-]{section.2.1}{\376\377\0002\000.\0001\000\040\000C\000l\000a\000s\000s\000\040\000L\000i\000s\000t}{chapter.2}% 4
\BOOKMARK [0][-]{chapter.3}{\376\377\0003\000\040\000C\000l\000a\000s\000s\000\040\000D\000o\000c\000u\000m\000e\000n\000t\000a\000t\000i\000o\000n}{}% 5
\BOOKMARK [1][-]{section.3.1}{\376\377\0003\000.\0001\000\040\000e\000n\000e\000m\000y\000.\000B\000a\000s\000i\000c\000\137\000d\000r\000o\000n\000e\000\040\000C\000l\000a\000s\000s\000\040\000R\000e\000f\000e\000r\000e\000n\000c\000e}{chapter.3}% 6
\BOOKMARK [2][-]{subsection.3.1.1}{\376\377\0003\000.\0001\000.\0001\000\040\000D\000e\000t\000a\000i\000l\000e\000d\000\040\000D\000e\000s\000c\000r\000i\000p\000t\000i\000o\000n}{section.3.1}% 7
\BOOKMARK [2][-]{subsection.3.1.2}{\376\377\0003\000.\0001\000.\0002\000\040\000C\000o\000n\000s\000t\000r\000u\000c\000t\000o\000r\000\040\000\046\000\040\000D\000e\000s\000t\000r\000u\000c\000t\000o\000r\000\040\000D\000o\000c\000u\000m\000e\000n\000t\000a\000t\000i\000o\000n}{section.3.1}% 8
\BOOKMARK [3][-]{subsubsection.3.1.2.1}{\376\377\0003\000.\0001\000.\0002\000.\0001\000\040\000\137\000\137\000i\000n\000i\000t\000\137\000\137\000\050\000\051}{subsection.3.1.2}% 9
\BOOKMARK [1][-]{section.3.2}{\376\377\0003\000.\0002\000\040\000b\000u\000l\000l\000e\000t\000.\000B\000u\000l\000l\000e\000t\000\040\000C\000l\000a\000s\000s\000\040\000R\000e\000f\000e\000r\000e\000n\000c\000e}{chapter.3}% 10
\BOOKMARK [2][-]{subsection.3.2.1}{\376\377\0003\000.\0002\000.\0001\000\040\000D\000e\000t\000a\000i\000l\000e\000d\000\040\000D\000e\000s\000c\000r\000i\000p\000t\000i\000o\000n}{section.3.2}% 11
\BOOKMARK [2][-]{subsection.3.2.2}{\376\377\0003\000.\0002\000.\0002\000\040\000C\000o\000n\000s\000t\000r\000u\000c\000t\000o\000r\000\040\000\046\000\040\000D\000e\000s\000t\000r\000u\000c\000t\000o\000r\000\040\000D\000o\000c\000u\000m\000e\000n\000t\000a\000t\000i\000o\000n}{section.3.2}% 12
\BOOKMARK [3][-]{subsubsection.3.2.2.1}{\376\377\0003\000.\0002\000.\0002\000.\0001\000\040\000\137\000\137\000i\000n\000i\000t\000\137\000\137\000\050\000\051}{subsection.3.2.2}% 13
\BOOKMARK [1][-]{section.3.3}{\376\377\0003\000.\0003\000\040\000d\000i\000s\000p\000l\000a\000y\000.\000D\000i\000s\000p\000l\000a\000y\000\040\000C\000l\000a\000s\000s\000\040\000R\000e\000f\000e\000r\000e\000n\000c\000e}{chapter.3}% 14
\BOOKMARK [2][-]{subsection.3.3.1}{\376\377\0003\000.\0003\000.\0001\000\040\000D\000e\000t\000a\000i\000l\000e\000d\000\040\000D\000e\000s\000c\000r\000i\000p\000t\000i\000o\000n}{section.3.3}% 15
\BOOKMARK [2][-]{subsection.3.3.2}{\376\377\0003\000.\0003\000.\0002\000\040\000C\000o\000n\000s\000t\000r\000u\000c\000t\000o\000r\000\040\000\046\000\040\000D\000e\000s\000t\000r\000u\000c\000t\000o\000r\000\040\000D\000o\000c\000u\000m\000e\000n\000t\000a\000t\000i\000o\000n}{section.3.3}% 16
\BOOKMARK [3][-]{subsubsection.3.3.2.1}{\376\377\0003\000.\0003\000.\0002\000.\0001\000\040\000\137\000\137\000i\000n\000i\000t\000\137\000\137\000\050\000\051}{subsection.3.3.2}% 17
\BOOKMARK [2][-]{subsection.3.3.3}{\376\377\0003\000.\0003\000.\0003\000\040\000M\000e\000m\000b\000e\000r\000\040\000F\000u\000n\000c\000t\000i\000o\000n\000\040\000D\000o\000c\000u\000m\000e\000n\000t\000a\000t\000i\000o\000n}{section.3.3}% 18
\BOOKMARK [3][-]{subsubsection.3.3.3.1}{\376\377\0003\000.\0003\000.\0003\000.\0001\000\040\000\137\000u\000p\000d\000a\000t\000e\000\137\000c\000u\000r\000s\000o\000r\000\050\000\051}{subsection.3.3.3}% 19
\BOOKMARK [3][-]{subsubsection.3.3.3.2}{\376\377\0003\000.\0003\000.\0003\000.\0002\000\040\000l\000e\000v\000e\000l\000\137\000d\000i\000s\000\050\000\051}{subsection.3.3.3}% 20
\BOOKMARK [3][-]{subsubsection.3.3.3.3}{\376\377\0003\000.\0003\000.\0003\000.\0003\000\040\000l\000e\000v\000e\000l\000\137\000i\000n\000i\000t\000\137\000d\000i\000s\000\050\000\051}{subsection.3.3.3}% 21
\BOOKMARK [3][-]{subsubsection.3.3.3.4}{\376\377\0003\000.\0003\000.\0003\000.\0004\000\040\000s\000h\000o\000p\000\137\000d\000i\000s\000\050\000\051}{subsection.3.3.3}% 22
\BOOKMARK [3][-]{subsubsection.3.3.3.5}{\376\377\0003\000.\0003\000.\0003\000.\0005\000\040\000s\000h\000o\000w\000\137\000l\000i\000f\000e\000\050\000\051}{subsection.3.3.3}% 23
\BOOKMARK [3][-]{subsubsection.3.3.3.6}{\376\377\0003\000.\0003\000.\0003\000.\0006\000\040\000s\000h\000o\000w\000\137\000s\000c\000o\000r\000e\000\050\000\051}{subsection.3.3.3}% 24
\BOOKMARK [3][-]{subsubsection.3.3.3.7}{\376\377\0003\000.\0003\000.\0003\000.\0007\000\040\000u\000p\000d\000a\000t\000e\000\137\000s\000h\000o\000p\000\137\000c\000u\000r\000s\000o\000r\000\050\000\051}{subsection.3.3.3}% 25
\BOOKMARK [3][-]{subsubsection.3.3.3.8}{\376\377\0003\000.\0003\000.\0003\000.\0008\000\040\000w\000i\000n\000\137\000m\000e\000s\000s\000\050\000\051}{subsection.3.3.3}% 26
\BOOKMARK [1][-]{section.3.4}{\376\377\0003\000.\0004\000\040\000e\000n\000e\000m\000y\000.\000E\000n\000e\000m\000y\000\040\000C\000l\000a\000s\000s\000\040\000R\000e\000f\000e\000r\000e\000n\000c\000e}{chapter.3}% 27
\BOOKMARK [2][-]{subsection.3.4.1}{\376\377\0003\000.\0004\000.\0001\000\040\000D\000e\000t\000a\000i\000l\000e\000d\000\040\000D\000e\000s\000c\000r\000i\000p\000t\000i\000o\000n}{section.3.4}% 28
\BOOKMARK [2][-]{subsection.3.4.2}{\376\377\0003\000.\0004\000.\0002\000\040\000M\000e\000m\000b\000e\000r\000\040\000F\000u\000n\000c\000t\000i\000o\000n\000\040\000D\000o\000c\000u\000m\000e\000n\000t\000a\000t\000i\000o\000n}{section.3.4}% 29
\BOOKMARK [3][-]{subsubsection.3.4.2.1}{\376\377\0003\000.\0004\000.\0002\000.\0001\000\040\000m\000o\000v\000e\000\050\000\051}{subsection.3.4.2}% 30
\BOOKMARK [1][-]{section.3.5}{\376\377\0003\000.\0005\000\040\000l\000e\000v\000e\000l\000.\000L\000e\000v\000e\000l\000\040\000C\000l\000a\000s\000s\000\040\000R\000e\000f\000e\000r\000e\000n\000c\000e}{chapter.3}% 31
\BOOKMARK [2][-]{subsection.3.5.1}{\376\377\0003\000.\0005\000.\0001\000\040\000D\000e\000t\000a\000i\000l\000e\000d\000\040\000D\000e\000s\000c\000r\000i\000p\000t\000i\000o\000n}{section.3.5}% 32
\BOOKMARK [2][-]{subsection.3.5.2}{\376\377\0003\000.\0005\000.\0002\000\040\000C\000o\000n\000s\000t\000r\000u\000c\000t\000o\000r\000\040\000\046\000\040\000D\000e\000s\000t\000r\000u\000c\000t\000o\000r\000\040\000D\000o\000c\000u\000m\000e\000n\000t\000a\000t\000i\000o\000n}{section.3.5}% 33
\BOOKMARK [3][-]{subsubsection.3.5.2.1}{\376\377\0003\000.\0005\000.\0002\000.\0001\000\040\000\137\000\137\000i\000n\000i\000t\000\137\000\137\000\050\000\051}{subsection.3.5.2}% 34
\BOOKMARK [2][-]{subsection.3.5.3}{\376\377\0003\000.\0005\000.\0003\000\040\000M\000e\000m\000b\000e\000r\000\040\000F\000u\000n\000c\000t\000i\000o\000n\000\040\000D\000o\000c\000u\000m\000e\000n\000t\000a\000t\000i\000o\000n}{section.3.5}% 35
\BOOKMARK [3][-]{subsubsection.3.5.3.1}{\376\377\0003\000.\0005\000.\0003\000.\0001\000\040\000\137\000c\000o\000l\000l\000i\000s\000i\000o\000n\000\137\000d\000e\000t\000e\000c\000t\000\050\000\051}{subsection.3.5.3}% 36
\BOOKMARK [3][-]{subsubsection.3.5.3.2}{\376\377\0003\000.\0005\000.\0003\000.\0002\000\040\000\137\000g\000e\000n\000e\000r\000a\000t\000e\000\137\000l\000e\000v\000e\000l\000\050\000\051}{subsection.3.5.3}% 37
\BOOKMARK [3][-]{subsubsection.3.5.3.3}{\376\377\0003\000.\0005\000.\0003\000.\0003\000\040\000p\000l\000a\000y\000e\000r\000\137\000m\000o\000v\000e\000\050\000\051}{subsection.3.5.3}% 38
\BOOKMARK [3][-]{subsubsection.3.5.3.4}{\376\377\0003\000.\0005\000.\0003\000.\0004\000\040\000u\000p\000d\000a\000t\000e\000\050\000\051}{subsection.3.5.3}% 39
\BOOKMARK [1][-]{section.3.6}{\376\377\0003\000.\0006\000\040\000B\000e\000e\000n\000v\000a\000d\000e\000r\000s\000.\000M\000a\000i\000n\000\040\000C\000l\000a\000s\000s\000\040\000R\000e\000f\000e\000r\000e\000n\000c\000e}{chapter.3}% 40
\BOOKMARK [2][-]{subsection.3.6.1}{\376\377\0003\000.\0006\000.\0001\000\040\000D\000e\000t\000a\000i\000l\000e\000d\000\040\000D\000e\000s\000c\000r\000i\000p\000t\000i\000o\000n}{section.3.6}% 41
\BOOKMARK [2][-]{subsection.3.6.2}{\376\377\0003\000.\0006\000.\0002\000\040\000C\000o\000n\000s\000t\000r\000u\000c\000t\000o\000r\000\040\000\046\000\040\000D\000e\000s\000t\000r\000u\000c\000t\000o\000r\000\040\000D\000o\000c\000u\000m\000e\000n\000t\000a\000t\000i\000o\000n}{section.3.6}% 42
\BOOKMARK [3][-]{subsubsection.3.6.2.1}{\376\377\0003\000.\0006\000.\0002\000.\0001\000\040\000\137\000\137\000i\000n\000i\000t\000\137\000\137\000\050\000\051}{subsection.3.6.2}% 43
\BOOKMARK [1][-]{section.3.7}{\376\377\0003\000.\0007\000\040\000p\000l\000a\000y\000e\000r\000.\000P\000l\000a\000y\000e\000r\000\040\000C\000l\000a\000s\000s\000\040\000R\000e\000f\000e\000r\000e\000n\000c\000e}{chapter.3}% 44
\BOOKMARK [2][-]{subsection.3.7.1}{\376\377\0003\000.\0007\000.\0001\000\040\000D\000e\000t\000a\000i\000l\000e\000d\000\040\000D\000e\000s\000c\000r\000i\000p\000t\000i\000o\000n}{section.3.7}% 45
\BOOKMARK [2][-]{subsection.3.7.2}{\376\377\0003\000.\0007\000.\0002\000\040\000C\000o\000n\000s\000t\000r\000u\000c\000t\000o\000r\000\040\000\046\000\040\000D\000e\000s\000t\000r\000u\000c\000t\000o\000r\000\040\000D\000o\000c\000u\000m\000e\000n\000t\000a\000t\000i\000o\000n}{section.3.7}% 46
\BOOKMARK [3][-]{subsubsection.3.7.2.1}{\376\377\0003\000.\0007\000.\0002\000.\0001\000\040\000\137\000\137\000i\000n\000i\000t\000\137\000\137\000\050\000\051}{subsection.3.7.2}% 47
\BOOKMARK [2][-]{subsection.3.7.3}{\376\377\0003\000.\0007\000.\0003\000\040\000M\000e\000m\000b\000e\000r\000\040\000F\000u\000n\000c\000t\000i\000o\000n\000\040\000D\000o\000c\000u\000m\000e\000n\000t\000a\000t\000i\000o\000n}{section.3.7}% 48
\BOOKMARK [3][-]{subsubsection.3.7.3.1}{\376\377\0003\000.\0007\000.\0003\000.\0001\000\040\000\137\000s\000h\000o\000o\000t\000\050\000\051}{subsection.3.7.3}% 49
\BOOKMARK [3][-]{subsubsection.3.7.3.2}{\376\377\0003\000.\0007\000.\0003\000.\0002\000\040\000m\000o\000v\000e\000\050\000\051}{subsection.3.7.3}% 50
\BOOKMARK [1][-]{section.3.8}{\376\377\0003\000.\0008\000\040\000e\000n\000e\000m\000y\000.\000Q\000u\000e\000e\000n\000\040\000C\000l\000a\000s\000s\000\040\000R\000e\000f\000e\000r\000e\000n\000c\000e}{chapter.3}% 51
\BOOKMARK [2][-]{subsection.3.8.1}{\376\377\0003\000.\0008\000.\0001\000\040\000D\000e\000t\000a\000i\000l\000e\000d\000\040\000D\000e\000s\000c\000r\000i\000p\000t\000i\000o\000n}{section.3.8}% 52
\BOOKMARK [2][-]{subsection.3.8.2}{\376\377\0003\000.\0008\000.\0002\000\040\000C\000o\000n\000s\000t\000r\000u\000c\000t\000o\000r\000\040\000\046\000\040\000D\000e\000s\000t\000r\000u\000c\000t\000o\000r\000\040\000D\000o\000c\000u\000m\000e\000n\000t\000a\000t\000i\000o\000n}{section.3.8}% 53
\BOOKMARK [3][-]{subsubsection.3.8.2.1}{\376\377\0003\000.\0008\000.\0002\000.\0001\000\040\000\137\000\137\000i\000n\000i\000t\000\137\000\137\000\050\000\051}{subsection.3.8.2}% 54
\BOOKMARK [1][-]{section.3.9}{\376\377\0003\000.\0009\000\040\000s\000a\000v\000e\000.\000S\000a\000v\000e\000\040\000C\000l\000a\000s\000s\000\040\000R\000e\000f\000e\000r\000e\000n\000c\000e}{chapter.3}% 55
\BOOKMARK [2][-]{subsection.3.9.1}{\376\377\0003\000.\0009\000.\0001\000\040\000D\000e\000t\000a\000i\000l\000e\000d\000\040\000D\000e\000s\000c\000r\000i\000p\000t\000i\000o\000n}{section.3.9}% 56
\BOOKMARK [2][-]{subsection.3.9.2}{\376\377\0003\000.\0009\000.\0002\000\040\000C\000o\000n\000s\000t\000r\000u\000c\000t\000o\000r\000\040\000\046\000\040\000D\000e\000s\000t\000r\000u\000c\000t\000o\000r\000\040\000D\000o\000c\000u\000m\000e\000n\000t\000a\000t\000i\000o\000n}{section.3.9}% 57
\BOOKMARK [3][-]{subsubsection.3.9.2.1}{\376\377\0003\000.\0009\000.\0002\000.\0001\000\040\000\137\000\137\000i\000n\000i\000t\000\137\000\137\000\050\000\051}{subsection.3.9.2}% 58
\BOOKMARK [2][-]{subsection.3.9.3}{\376\377\0003\000.\0009\000.\0003\000\040\000M\000e\000m\000b\000e\000r\000\040\000F\000u\000n\000c\000t\000i\000o\000n\000\040\000D\000o\000c\000u\000m\000e\000n\000t\000a\000t\000i\000o\000n}{section.3.9}% 59
\BOOKMARK [3][-]{subsubsection.3.9.3.1}{\376\377\0003\000.\0009\000.\0003\000.\0001\000\040\000\137\000r\000e\000f\000r\000e\000s\000h\000\137\000u\000p\000g\000r\000a\000d\000e\000s\000\050\000\051}{subsection.3.9.3}% 60
\BOOKMARK [3][-]{subsubsection.3.9.3.2}{\376\377\0003\000.\0009\000.\0003\000.\0002\000\040\000e\000x\000p\000o\000r\000t\000\137\000s\000a\000v\000e\000\050\000\051}{subsection.3.9.3}% 61
\BOOKMARK [3][-]{subsubsection.3.9.3.3}{\376\377\0003\000.\0009\000.\0003\000.\0003\000\040\000g\000e\000t\000\137\000s\000c\000o\000r\000e\000\050\000\051}{subsection.3.9.3}% 62
\BOOKMARK [1][-]{section.3.10}{\376\377\0003\000.\0001\0000\000\040\000s\000h\000o\000p\000.\000S\000h\000o\000p\000\040\000C\000l\000a\000s\000s\000\040\000R\000e\000f\000e\000r\000e\000n\000c\000e}{chapter.3}% 63
\BOOKMARK [2][-]{subsection.3.10.1}{\376\377\0003\000.\0001\0000\000.\0001\000\040\000D\000e\000t\000a\000i\000l\000e\000d\000\040\000D\000e\000s\000c\000r\000i\000p\000t\000i\000o\000n}{section.3.10}% 64
\BOOKMARK [2][-]{subsection.3.10.2}{\376\377\0003\000.\0001\0000\000.\0002\000\040\000C\000o\000n\000s\000t\000r\000u\000c\000t\000o\000r\000\040\000\046\000\040\000D\000e\000s\000t\000r\000u\000c\000t\000o\000r\000\040\000D\000o\000c\000u\000m\000e\000n\000t\000a\000t\000i\000o\000n}{section.3.10}% 65
\BOOKMARK [3][-]{subsubsection.3.10.2.1}{\376\377\0003\000.\0001\0000\000.\0002\000.\0001\000\040\000\137\000\137\000i\000n\000i\000t\000\137\000\137\000\050\000\051}{subsection.3.10.2}% 66
\BOOKMARK [2][-]{subsection.3.10.3}{\376\377\0003\000.\0001\0000\000.\0003\000\040\000M\000e\000m\000b\000e\000r\000\040\000F\000u\000n\000c\000t\000i\000o\000n\000\040\000D\000o\000c\000u\000m\000e\000n\000t\000a\000t\000i\000o\000n}{section.3.10}% 67
\BOOKMARK [3][-]{subsubsection.3.10.3.1}{\376\377\0003\000.\0001\0000\000.\0003\000.\0001\000\040\000c\000h\000e\000c\000k\000\137\000c\000o\000s\000t\000\050\000\051}{subsection.3.10.3}% 68
\BOOKMARK [3][-]{subsubsection.3.10.3.2}{\376\377\0003\000.\0001\0000\000.\0003\000.\0002\000\040\000p\000u\000r\000c\000h\000a\000s\000e\000\050\000\051}{subsection.3.10.3}% 69
\BOOKMARK [1][-]{section.3.11}{\376\377\0003\000.\0001\0001\000\040\000e\000n\000e\000m\000y\000.\000W\000a\000s\000p\000\040\000C\000l\000a\000s\000s\000\040\000R\000e\000f\000e\000r\000e\000n\000c\000e}{chapter.3}% 70
\BOOKMARK [2][-]{subsection.3.11.1}{\376\377\0003\000.\0001\0001\000.\0001\000\040\000D\000e\000t\000a\000i\000l\000e\000d\000\040\000D\000e\000s\000c\000r\000i\000p\000t\000i\000o\000n}{section.3.11}% 71
\BOOKMARK [2][-]{subsection.3.11.2}{\376\377\0003\000.\0001\0001\000.\0002\000\040\000C\000o\000n\000s\000t\000r\000u\000c\000t\000o\000r\000\040\000\046\000\040\000D\000e\000s\000t\000r\000u\000c\000t\000o\000r\000\040\000D\000o\000c\000u\000m\000e\000n\000t\000a\000t\000i\000o\000n}{section.3.11}% 72
\BOOKMARK [3][-]{subsubsection.3.11.2.1}{\376\377\0003\000.\0001\0001\000.\0002\000.\0001\000\040\000\137\000\137\000i\000n\000i\000t\000\137\000\137\000\050\000\051}{subsection.3.11.2}% 73
\BOOKMARK [0][-]{section*.47}{\376\377\000I\000n\000d\000e\000x}{}% 74
